[2026-01-17 12:30:57 +0000] [1] [INFO] Starting gunicorn 23.0.0
[2026-01-17 12:30:57 +0000] [1] [INFO] Listening at: http://0.0.0.0:8001 (1)
[2026-01-17 12:30:57 +0000] [1] [INFO] Using worker: sync
[2026-01-17 12:30:57 +0000] [7] [INFO] Booting worker with pid: 7
[2026-01-17 12:30:57 +0000] [8] [INFO] Booting worker with pid: 8
[2026-01-17 12:30:57 +0000] [9] [INFO] Booting worker with pid: 9
[2026-01-17 12:30:57 +0000] [10] [INFO] Booting worker with pid: 10
[2026-01-17 12:33:56 +0000] [1] [INFO] Handling signal: term
[2026-01-17 12:33:56 +0000] [9] [INFO] Worker exiting (pid: 9)
[2026-01-17 12:33:56 +0000] [8] [INFO] Worker exiting (pid: 8)
[2026-01-17 12:33:56 +0000] [7] [INFO] Worker exiting (pid: 7)
[2026-01-17 12:33:56 +0000] [10] [INFO] Worker exiting (pid: 10)
[2026-01-17 12:33:56 +0000] [1] [INFO] Shutting down: Master
[2026-01-17 12:34:12 +0000] [1] [INFO] Starting gunicorn 23.0.0
[2026-01-17 12:34:12 +0000] [1] [INFO] Listening at: http://0.0.0.0:8001 (1)
[2026-01-17 12:34:12 +0000] [1] [INFO] Using worker: sync
[2026-01-17 12:34:12 +0000] [7] [INFO] Booting worker with pid: 7
[2026-01-17 12:34:12 +0000] [8] [INFO] Booting worker with pid: 8
[2026-01-17 12:34:12 +0000] [9] [INFO] Booting worker with pid: 9
[2026-01-17 12:34:12 +0000] [10] [INFO] Booting worker with pid: 10
[2026-01-17 12:38:21 +0000] [1] [INFO] Handling signal: term
[2026-01-17 12:38:21 +0000] [10] [INFO] Worker exiting (pid: 10)
[2026-01-17 12:38:21 +0000] [7] [INFO] Worker exiting (pid: 7)
[2026-01-17 12:38:21 +0000] [9] [INFO] Worker exiting (pid: 9)
[2026-01-17 12:38:21 +0000] [8] [INFO] Worker exiting (pid: 8)
[2026-01-17 12:38:21 +0000] [1] [INFO] Shutting down: Master
[2026-01-17 12:38:41 +0000] [1] [INFO] Starting gunicorn 23.0.0
[2026-01-17 12:38:41 +0000] [1] [INFO] Listening at: http://0.0.0.0:8001 (1)
[2026-01-17 12:38:41 +0000] [1] [INFO] Using worker: sync
[2026-01-17 12:38:41 +0000] [7] [INFO] Booting worker with pid: 7
[2026-01-17 12:38:41 +0000] [8] [INFO] Booting worker with pid: 8
[2026-01-17 12:38:41 +0000] [9] [INFO] Booting worker with pid: 9
[2026-01-17 12:38:41 +0000] [10] [INFO] Booting worker with pid: 10
[2026-01-17 12:40:10 +0000] [1] [INFO] Handling signal: term
[2026-01-17 12:40:10 +0000] [9] [INFO] Worker exiting (pid: 9)
[2026-01-17 12:40:10 +0000] [7] [INFO] Worker exiting (pid: 7)
[2026-01-17 12:40:10 +0000] [10] [INFO] Worker exiting (pid: 10)
[2026-01-17 12:40:10 +0000] [8] [INFO] Worker exiting (pid: 8)
[2026-01-17 12:40:10 +0000] [1] [INFO] Shutting down: Master
[2026-01-17 12:40:35 +0000] [1] [INFO] Starting gunicorn 23.0.0
[2026-01-17 12:40:35 +0000] [1] [INFO] Listening at: http://0.0.0.0:8001 (1)
[2026-01-17 12:40:35 +0000] [1] [INFO] Using worker: sync
[2026-01-17 12:40:35 +0000] [7] [INFO] Booting worker with pid: 7
[2026-01-17 12:40:36 +0000] [8] [INFO] Booting worker with pid: 8
[2026-01-17 12:40:36 +0000] [9] [INFO] Booting worker with pid: 9
[2026-01-17 12:40:36 +0000] [10] [INFO] Booting worker with pid: 10
[2026-01-17 12:47:36 +0000] [1] [INFO] Handling signal: term
[2026-01-17 12:47:36 +0000] [7] [INFO] Worker exiting (pid: 7)
[2026-01-17 12:47:36 +0000] [9] [INFO] Worker exiting (pid: 9)
[2026-01-17 12:47:36 +0000] [8] [INFO] Worker exiting (pid: 8)
[2026-01-17 12:47:36 +0000] [10] [INFO] Worker exiting (pid: 10)
[2026-01-17 12:47:37 +0000] [1] [INFO] Shutting down: Master
